<?xml version="1.0" encoding="UTF-8" ?>
<testsuite tests="2" failures="2" name="TestSuite" time="15.028" errors="0" skipped="0">
  <properties>
[...]
</properties>
  <testcase classname="TargetHomeTest" name="TargetClickTest" time="0.021">
    <failure type="java.lang.NullPointerException">java.lang.NullPointerException
	at Utility.Clicking.ButtonClicker(Clicking.java:27)
	at Pages.TargetHome.clickCategories(TargetHome.java:31)
	at Pages.TargetHome.targetClicks(TargetHome.java:49)
	at TargetHomeTest.TargetClickTest(TargetHomeTest.java:8)
</failure>
    <system-out>Configuring TestNG with: org.apache.maven.surefire.testng.conf.TestNG652Configurator@6e8dacdf
</system-out>
    <system-err>SLF4J: Failed to load class &quot;org.slf4j.impl.StaticLoggerBinder&quot;.
SLF4J: Defaulting to no-operation (NOP) logger implementation
SLF4J: See http://www.slf4j.org/codes.html#StaticLoggerBinder for further details.
</system-err>
  </testcase>
  <testcase classname="TargetE2ETest" name="TargetTest" time="15.007">
    <failure type="java.lang.NullPointerException">java.lang.NullPointerException
	at TargetE2ETest.TargetTest(TargetE2ETest.java:48)
</failure>
  </testcase>
</testsuite>