<?xml version="1.0" encoding="UTF-8"?>
<!-- Generated by org.testng.reporters.JUnitXMLReporter -->
<testsuite hostname="Anayaths-MBP.lan" ignored="0" tests="2" failures="2" timestamp="2023-02-15T22:04:04 EST" time="15.09" errors="0">
  <testcase name="TargetClickTest" time="0.009" classname="TargetHomeTest">
    <failure type="java.lang.NullPointerException">
      <![CDATA[java.lang.NullPointerException
at Utility.Clicking.ButtonClicker(Clicking.java:27)
at Pages.TargetHome.clickCategories(TargetHome.java:31)
at Pages.TargetHome.targetClicks(TargetHome.java:49)
at TargetHomeTest.TargetClickTest(TargetHomeTest.java:8)
at java.util.ArrayList.forEach(ArrayList.java:1259)
... Removed 37 stack frames]]>
    </failure>
  </testcase> <!-- TargetClickTest -->
  <testcase name="TargetTest" time="15.006" classname="TargetE2ETest">
    <failure type="java.lang.NullPointerException">
      <![CDATA[java.lang.NullPointerException
at TargetE2ETest.TargetTest(TargetE2ETest.java:48)
at java.util.ArrayList.forEach(ArrayList.java:1259)
... Removed 37 stack frames]]>
    </failure>
  </testcase> <!-- TargetTest -->
</testsuite>
